<?xml version="1.0" encoding="UTF-8"?>
<!-- Generated by org.testng.reporters.JUnitReportReporter -->
<testsuite skipped="0" hostname="DESKTOP-HAF73N1" name="testNGExample.TestCase2" tests="2" failures="0" timestamp="2021-07-11T20:47:22 IST" time="0.007" errors="0">
  <testcase name="LoanTest2" time="0.003" classname="testNGExample.TestCase2"/>
  <system-out/>
  <testcase name="InsuranceTest" time="0.004" classname="testNGExample.TestCase2"/>
  <system-out/>
</testsuite> <!-- testNGExample.TestCase2 -->
