<?xml version="1.0" encoding="UTF-8"?>
<!-- Generated by org.testng.reporters.JUnitReportReporter -->
<testsuite hostname="DESKTOP-HAF73N1" name="test.LoginTest" tests="1" failures="0" timestamp="19 Jul 2021 16:04:35 GMT" time="10.648" errors="0">
  <testcase name="Testcase1" time="10.648" classname="test.LoginTest"/>
</testsuite> <!-- test.LoginTest -->
