<?xml version="1.0" encoding="UTF-8"?>
<!-- Generated by org.testng.reporters.JUnitReportReporter -->
<testsuite skipped="0" hostname="DESKTOP-HAF73N1" name="testNGExample.TestCase1" tests="1" failures="0" timestamp="2021-07-11T20:47:22 IST" time="0.001" errors="0">
  <testcase name="CreditCardTest" time="0.001" classname="testNGExample.TestCase1"/>
  <system-out/>
</testsuite> <!-- testNGExample.TestCase1 -->
